{"numFailedTestSuites":0,"numFailedTests":0,"numPassedTestSuites":2,"numPassedTests":5,"numPendingTestSuites":0,"numPendingTests":0,"numRuntimeErrorTestSuites":0,"numTodoTests":0,"numTotalTestSuites":2,"numTotalTests":5,"openHandles":[],"snapshot":{"added":0,"didUpdate":false,"failure":false,"filesAdded":0,"filesRemoved":0,"filesRemovedList":[],"filesUnmatched":0,"filesUpdated":0,"matched":0,"total":0,"unchecked":0,"uncheckedKeysByFile":[],"unmatched":0,"updated":0},"startTime":1749474344502,"success":true,"testResults":[{"assertionResults":[{"ancestorTitles":["getActiveSubscription"],"duration":3,"failureDetails":[],"failureMessages":[],"fullName":"getActiveSubscription 指定ユーザーIDで有効な契約情報を正しく取得できること","invocations":1,"location":null,"numPassingAsserts":1,"retryReasons":[],"status":"passed","title":"指定ユーザーIDで有効な契約情報を正しく取得できること"},{"ancestorTitles":["getActiveSubscription"],"duration":0,"failureDetails":[],"failureMessages":[],"fullName":"getActiveSubscription 存在しないユーザーIDではnullを返すこと","invocations":1,"location":null,"numPassingAsserts":1,"retryReasons":[],"status":"passed","title":"存在しないユーザーIDではnullを返すこと"}],"endTime":1749474345458,"message":"","name":"C:\\workspace\\kokoiko\\__tests__\\lib\\dal\\subscriptions.test.ts","startTime":1749474345032,"status":"passed","summary":""},{"assertionResults":[{"ancestorTitles":["getPlanName"],"duration":2,"failureDetails":[],"failureMessages":[],"fullName":"getPlanName 各プランの価格IDで正しいプラン名を返すこと","invocations":1,"location":null,"numPassingAsserts":2,"retryReasons":[],"status":"passed","title":"各プランの価格IDで正しいプラン名を返すこと"},{"ancestorTitles":["getPlanName"],"duration":2,"failureDetails":[],"failureMessages":[],"fullName":"getPlanName nullや未定義のIDでフリープラン/不明なプランを返すこと","invocations":1,"location":null,"numPassingAsserts":3,"retryReasons":[],"status":"passed","title":"nullや未定義のIDでフリープラン/不明なプランを返すこと"},{"ancestorTitles":["getPlanStatus"],"duration":2,"failureDetails":[],"failureMessages":[],"fullName":"getPlanStatus 各契約ステータスで正しい日本語テキストとvariantを返すこと","invocations":1,"location":null,"numPassingAsserts":9,"retryReasons":[],"status":"passed","title":"各契約ステータスで正しい日本語テキストとvariantを返すこと"}],"endTime":1749474345617,"message":"","name":"C:\\workspace\\kokoiko\\__tests__\\lib\\subscription-utils.test.ts","startTime":1749474345474,"status":"passed","summary":""}],"wasInterrupted":false}
